  [1m[36mBook Load (0.7ms)[0m  [1mSELECT "books".* FROM "books"[0m
  [1m[35mBook Load (6.5ms)[0m  SELECT "books".* FROM "books"
  [1m[36mMovie Load (1.0ms)[0m  [1mSELECT "movies".* FROM "movies"[0m
  [1m[36m (1.9ms)[0m  [1mCREATE TABLE "schema_migrations" ("version" varchar NOT NULL) [0m
  [1m[35m (0.1ms)[0m  select sqlite_version(*)
  [1m[36m (0.6ms)[0m  [1mCREATE UNIQUE INDEX "unique_schema_migrations" ON "schema_migrations" ("version")[0m
  [1m[35mActiveRecord::SchemaMigration Load (0.1ms)[0m  SELECT "schema_migrations".* FROM "schema_migrations"
Migrating to CreateMovies (20161011205537)
  [1m[36m (0.1ms)[0m  [1mbegin transaction[0m
  [1m[35m (0.3ms)[0m  CREATE TABLE "movies" ("id" INTEGER PRIMARY KEY AUTOINCREMENT NOT NULL, "title" varchar, "director" varchar, "description" text, "upvotes" integer, "created_at" datetime NOT NULL, "updated_at" datetime NOT NULL) 
  [1m[36mSQL (0.2ms)[0m  [1mINSERT INTO "schema_migrations" ("version") VALUES (?)[0m  [["version", "20161011205537"]]
  [1m[35m (0.6ms)[0m  commit transaction
Migrating to CreateBooks (20161011205604)
  [1m[36m (0.1ms)[0m  [1mbegin transaction[0m
  [1m[35m (0.6ms)[0m  CREATE TABLE "books" ("id" INTEGER PRIMARY KEY AUTOINCREMENT NOT NULL, "title" varchar, "author" varchar, "description" text, "upvotes" integer, "created_at" datetime NOT NULL, "updated_at" datetime NOT NULL) 
  [1m[36mSQL (0.2ms)[0m  [1mINSERT INTO "schema_migrations" ("version") VALUES (?)[0m  [["version", "20161011205604"]]
  [1m[35m (0.6ms)[0m  commit transaction
Migrating to CreateAlbums (20161011205622)
  [1m[36m (0.1ms)[0m  [1mbegin transaction[0m
  [1m[35m (0.3ms)[0m  CREATE TABLE "albums" ("id" INTEGER PRIMARY KEY AUTOINCREMENT NOT NULL, "title" varchar, "artist" varchar, "description" text, "upvotes" integer, "created_at" datetime NOT NULL, "updated_at" datetime NOT NULL) 
  [1m[36mSQL (0.1ms)[0m  [1mINSERT INTO "schema_migrations" ("version") VALUES (?)[0m  [["version", "20161011205622"]]
  [1m[35m (0.5ms)[0m  commit transaction
  [1m[36mActiveRecord::SchemaMigration Load (0.1ms)[0m  [1mSELECT "schema_migrations".* FROM "schema_migrations"[0m
  [1m[36mBook Load (3.0ms)[0m  [1mSELECT "books".* FROM "books"[0m
  [1m[35m (0.1ms)[0m  begin transaction
  [1m[36mSQL (0.4ms)[0m  [1mINSERT INTO "movies" ("title", "director", "description", "upvotes", "created_at", "updated_at") VALUES (?, ?, ?, ?, ?, ?)[0m  [["title", "My Neighbor Totoro"], ["director", "Hayao Miyazaki"], ["description", "Movie about forest spirits. CUTE!"], ["upvotes", 0], ["created_at", "2016-10-11 21:09:31.955114"], ["updated_at", "2016-10-11 21:09:31.955114"]]
  [1m[35m (0.5ms)[0m  commit transaction
  [1m[36m (0.0ms)[0m  [1mbegin transaction[0m
  [1m[35mSQL (0.2ms)[0m  INSERT INTO "books" ("title", "author", "description", "upvotes", "created_at", "updated_at") VALUES (?, ?, ?, ?, ?, ?)  [["title", "To the Lighthouse"], ["author", "Virginia Woolf"], ["description", "Classic modernist novel using stream-of-consciousness narration."], ["upvotes", 0], ["created_at", "2016-10-11 21:09:31.963906"], ["updated_at", "2016-10-11 21:09:31.963906"]]
  [1m[36m (0.6ms)[0m  [1mcommit transaction[0m
  [1m[35m (0.1ms)[0m  begin transaction
  [1m[36mSQL (0.2ms)[0m  [1mINSERT INTO "books" ("title", "author", "description", "upvotes", "created_at", "updated_at") VALUES (?, ?, ?, ?, ?, ?)[0m  [["title", "The Golden Globe"], ["author", "John Varley"], ["description", "Sci-fi novel about an actor on the run from the law."], ["upvotes", 0], ["created_at", "2016-10-11 21:09:31.968471"], ["updated_at", "2016-10-11 21:09:31.968471"]]
  [1m[35m (0.6ms)[0m  commit transaction
  [1m[36m (0.1ms)[0m  [1mbegin transaction[0m
  [1m[35mSQL (0.9ms)[0m  INSERT INTO "albums" ("title", "artist", "description", "upvotes", "created_at", "updated_at") VALUES (?, ?, ?, ?, ?, ?)  [["title", "Banga"], ["artist", "Patti Smith"], ["description", "Smith's most recent release; poetic meditation on life and history."], ["upvotes", 0], ["created_at", "2016-10-11 21:09:31.977320"], ["updated_at", "2016-10-11 21:09:31.977320"]]
  [1m[36m (0.7ms)[0m  [1mcommit transaction[0m
  [1m[35m (0.1ms)[0m  begin transaction
  [1m[36mSQL (0.3ms)[0m  [1mINSERT INTO "albums" ("title", "artist", "description", "upvotes", "created_at", "updated_at") VALUES (?, ?, ?, ?, ?, ?)[0m  [["title", "The Blue Album"], ["artist", "The Beatles"], ["description", "Classic Beatles album."], ["upvotes", 0], ["created_at", "2016-10-11 21:09:31.983588"], ["updated_at", "2016-10-11 21:09:31.983588"]]
  [1m[35m (4.6ms)[0m  commit transaction
  [1m[36mBook Load (0.2ms)[0m  [1mSELECT "books".* FROM "books"[0m
DEPRECATION WARNING: Defining a route where `to` is a controller without an action is deprecated. Please change `to: 'mains/index'` to `controller: 'mains/index'`. (called from block in <top (required)> at /Users/emilyabrash/Documents/MediaRanker/config/routes.rb:3)


Started GET "/" for ::1 at 2016-10-11 14:14:43 -0700
  [1m[36mActiveRecord::SchemaMigration Load (0.1ms)[0m  [1mSELECT "schema_migrations".* FROM "schema_migrations"[0m
Processing by Rails::WelcomeController#index as HTML
  Rendered /Users/emilyabrash/.rvm/gems/ruby-2.3.0@rails_gemset/gems/railties-4.2.7/lib/rails/templates/rails/welcome/index.html.erb (3.5ms)
Completed 200 OK in 28ms (Views: 19.1ms | ActiveRecord: 0.0ms)


Started GET "/markets/index" for ::1 at 2016-10-11 14:14:48 -0700

ActionController::RoutingError (No route matches [GET] "/markets/index"):
  actionpack (4.2.7) lib/action_dispatch/middleware/debug_exceptions.rb:21:in `call'
  web-console (2.3.0) lib/web_console/middleware.rb:28:in `block in call'
  web-console (2.3.0) lib/web_console/middleware.rb:18:in `catch'
  web-console (2.3.0) lib/web_console/middleware.rb:18:in `call'
  actionpack (4.2.7) lib/action_dispatch/middleware/show_exceptions.rb:30:in `call'
  railties (4.2.7) lib/rails/rack/logger.rb:38:in `call_app'
  railties (4.2.7) lib/rails/rack/logger.rb:20:in `block in call'
  activesupport (4.2.7) lib/active_support/tagged_logging.rb:68:in `block in tagged'
  activesupport (4.2.7) lib/active_support/tagged_logging.rb:26:in `tagged'
  activesupport (4.2.7) lib/active_support/tagged_logging.rb:68:in `tagged'
  railties (4.2.7) lib/rails/rack/logger.rb:20:in `call'
  actionpack (4.2.7) lib/action_dispatch/middleware/request_id.rb:21:in `call'
  rack (1.6.4) lib/rack/methodoverride.rb:22:in `call'
  rack (1.6.4) lib/rack/runtime.rb:18:in `call'
  activesupport (4.2.7) lib/active_support/cache/strategy/local_cache_middleware.rb:28:in `call'
  rack (1.6.4) lib/rack/lock.rb:17:in `call'
  actionpack (4.2.7) lib/action_dispatch/middleware/static.rb:120:in `call'
  rack (1.6.4) lib/rack/sendfile.rb:113:in `call'
  railties (4.2.7) lib/rails/engine.rb:518:in `call'
  railties (4.2.7) lib/rails/application.rb:165:in `call'
  rack (1.6.4) lib/rack/lock.rb:17:in `call'
  rack (1.6.4) lib/rack/content_length.rb:15:in `call'
  rack (1.6.4) lib/rack/handler/webrick.rb:88:in `service'
  /Users/emilyabrash/.rvm/rubies/ruby-2.3.0/lib/ruby/2.3.0/webrick/httpserver.rb:140:in `service'
  /Users/emilyabrash/.rvm/rubies/ruby-2.3.0/lib/ruby/2.3.0/webrick/httpserver.rb:96:in `run'
  /Users/emilyabrash/.rvm/rubies/ruby-2.3.0/lib/ruby/2.3.0/webrick/server.rb:296:in `block in start_thread'


  Rendered /Users/emilyabrash/.rvm/gems/ruby-2.3.0@rails_gemset/gems/actionpack-4.2.7/lib/action_dispatch/middleware/templates/rescues/_trace.html.erb (1.2ms)
  Rendered /Users/emilyabrash/.rvm/gems/ruby-2.3.0@rails_gemset/gems/actionpack-4.2.7/lib/action_dispatch/middleware/templates/routes/_route.html.erb (1.2ms)
  Rendered /Users/emilyabrash/.rvm/gems/ruby-2.3.0@rails_gemset/gems/actionpack-4.2.7/lib/action_dispatch/middleware/templates/routes/_table.html.erb (9.7ms)
  Rendered /Users/emilyabrash/.rvm/gems/ruby-2.3.0@rails_gemset/gems/actionpack-4.2.7/lib/action_dispatch/middleware/templates/rescues/_request_and_response.html.erb (1.4ms)
  Rendered /Users/emilyabrash/.rvm/gems/ruby-2.3.0@rails_gemset/gems/actionpack-4.2.7/lib/action_dispatch/middleware/templates/rescues/routing_error.html.erb within rescues/layout (94.9ms)
  Rendered /Users/emilyabrash/.rvm/gems/ruby-2.3.0@rails_gemset/gems/web-console-2.3.0/lib/web_console/templates/_markup.html.erb (0.4ms)
  Rendered /Users/emilyabrash/.rvm/gems/ruby-2.3.0@rails_gemset/gems/web-console-2.3.0/lib/web_console/templates/_inner_console_markup.html.erb within layouts/inlined_string (0.3ms)
  Rendered /Users/emilyabrash/.rvm/gems/ruby-2.3.0@rails_gemset/gems/web-console-2.3.0/lib/web_console/templates/_prompt_box_markup.html.erb within layouts/inlined_string (0.3ms)
  Rendered /Users/emilyabrash/.rvm/gems/ruby-2.3.0@rails_gemset/gems/web-console-2.3.0/lib/web_console/templates/style.css.erb within layouts/inlined_string (0.4ms)
  Rendered /Users/emilyabrash/.rvm/gems/ruby-2.3.0@rails_gemset/gems/web-console-2.3.0/lib/web_console/templates/console.js.erb within layouts/javascript (51.5ms)
  Rendered /Users/emilyabrash/.rvm/gems/ruby-2.3.0@rails_gemset/gems/web-console-2.3.0/lib/web_console/templates/main.js.erb within layouts/javascript (1.0ms)
  Rendered /Users/emilyabrash/.rvm/gems/ruby-2.3.0@rails_gemset/gems/web-console-2.3.0/lib/web_console/templates/error_page.js.erb within layouts/javascript (0.4ms)
  Rendered /Users/emilyabrash/.rvm/gems/ruby-2.3.0@rails_gemset/gems/web-console-2.3.0/lib/web_console/templates/index.html.erb (114.4ms)


Started GET "/mains/index" for ::1 at 2016-10-11 14:14:49 -0700
Processing by MainsController#index as HTML
  Rendered mains/index.html.erb within layouts/application (0.2ms)
Completed 200 OK in 713ms (Views: 713.0ms | ActiveRecord: 0.0ms)


Started GET "/assets/books.self-e3b0c44298fc1c149afbf4c8996fb92427ae41e4649b934ca495991b7852b855.css?body=1" for ::1 at 2016-10-11 14:14:50 -0700


Started GET "/assets/albums.self-e3b0c44298fc1c149afbf4c8996fb92427ae41e4649b934ca495991b7852b855.css?body=1" for ::1 at 2016-10-11 14:14:50 -0700


Started GET "/assets/movies.self-e3b0c44298fc1c149afbf4c8996fb92427ae41e4649b934ca495991b7852b855.css?body=1" for ::1 at 2016-10-11 14:14:50 -0700


Started GET "/assets/books.self-877aef30ae1b040ab8a3aba4e3e309a11d7f2612f44dde450b5c157aa5f95c05.js?body=1" for ::1 at 2016-10-11 14:14:50 -0700


Started GET "/assets/albums.self-877aef30ae1b040ab8a3aba4e3e309a11d7f2612f44dde450b5c157aa5f95c05.js?body=1" for ::1 at 2016-10-11 14:14:50 -0700


Started GET "/assets/mains.self-e3b0c44298fc1c149afbf4c8996fb92427ae41e4649b934ca495991b7852b855.css?body=1" for ::1 at 2016-10-11 14:14:50 -0700


Started GET "/assets/mains.self-877aef30ae1b040ab8a3aba4e3e309a11d7f2612f44dde450b5c157aa5f95c05.js?body=1" for ::1 at 2016-10-11 14:14:50 -0700


Started GET "/assets/movies.self-877aef30ae1b040ab8a3aba4e3e309a11d7f2612f44dde450b5c157aa5f95c05.js?body=1" for ::1 at 2016-10-11 14:14:50 -0700


Started GET "/main" for ::1 at 2016-10-11 14:15:03 -0700

ArgumentError - Missing :controller key on routes definition, please check your routes.:
  actionpack (4.2.7) lib/action_dispatch/routing/mapper.rb:275:in `check_part'
  actionpack (4.2.7) lib/action_dispatch/routing/mapper.rb:255:in `check_controller_and_action'
  actionpack (4.2.7) lib/action_dispatch/routing/mapper.rb:178:in `normalize_options!'
  actionpack (4.2.7) lib/action_dispatch/routing/mapper.rb:100:in `initialize'
  actionpack (4.2.7) lib/action_dispatch/routing/mapper.rb:78:in `build'
  actionpack (4.2.7) lib/action_dispatch/routing/mapper.rb:1560:in `add_route'
  actionpack (4.2.7) lib/action_dispatch/routing/mapper.rb:1537:in `decomposed_match'
  actionpack (4.2.7) lib/action_dispatch/routing/mapper.rb:1518:in `block in match'
  actionpack (4.2.7) lib/action_dispatch/routing/mapper.rb:1508:in `match'
  actionpack (4.2.7) lib/action_dispatch/routing/mapper.rb:690:in `map_method'
  actionpack (4.2.7) lib/action_dispatch/routing/mapper.rb:651:in `get'
  config/routes.rb:3:in `block in <top (required)>'
  actionpack (4.2.7) lib/action_dispatch/routing/route_set.rb:432:in `eval_block'
  actionpack (4.2.7) lib/action_dispatch/routing/route_set.rb:410:in `draw'
  config/routes.rb:1:in `<top (required)>'
  activesupport (4.2.7) lib/active_support/dependencies.rb:268:in `block in load'
  activesupport (4.2.7) lib/active_support/dependencies.rb:240:in `load_dependency'
  activesupport (4.2.7) lib/active_support/dependencies.rb:268:in `load'
  railties (4.2.7) lib/rails/application/routes_reloader.rb:40:in `block in load_paths'
  railties (4.2.7) lib/rails/application/routes_reloader.rb:40:in `load_paths'
  railties (4.2.7) lib/rails/application/routes_reloader.rb:16:in `reload!'
  railties (4.2.7) lib/rails/application/routes_reloader.rb:26:in `block in updater'
  activesupport (4.2.7) lib/active_support/file_update_checker.rb:75:in `execute'
  railties (4.2.7) lib/rails/application/routes_reloader.rb:7:in `execute'
  railties (4.2.7) lib/rails/application/finisher.rb:81:in `block (2 levels) in <module:Finisher>'
  activesupport (4.2.7) lib/active_support/callbacks.rb:446:in `block in make_lambda'
  activesupport (4.2.7) lib/active_support/callbacks.rb:192:in `block in simple'
  activesupport (4.2.7) lib/active_support/callbacks.rb:504:in `block in call'
  activesupport (4.2.7) lib/active_support/callbacks.rb:504:in `call'
  activesupport (4.2.7) lib/active_support/callbacks.rb:92:in `__run_callbacks__'
  activesupport (4.2.7) lib/active_support/callbacks.rb:778:in `_run_prepare_callbacks'
  activesupport (4.2.7) lib/active_support/callbacks.rb:81:in `run_callbacks'
  actionpack (4.2.7) lib/action_dispatch/middleware/reloader.rb:83:in `prepare!'
  actionpack (4.2.7) lib/action_dispatch/middleware/reloader.rb:71:in `call'
  actionpack (4.2.7) lib/action_dispatch/middleware/remote_ip.rb:78:in `call'
  better_errors (2.1.1) lib/better_errors/middleware.rb:84:in `protected_app_call'
  better_errors (2.1.1) lib/better_errors/middleware.rb:79:in `better_errors_call'
  better_errors (2.1.1) lib/better_errors/middleware.rb:57:in `call'
  actionpack (4.2.7) lib/action_dispatch/middleware/debug_exceptions.rb:17:in `call'
  web-console (2.3.0) lib/web_console/middleware.rb:28:in `block in call'
  web-console (2.3.0) lib/web_console/middleware.rb:18:in `call'
  actionpack (4.2.7) lib/action_dispatch/middleware/show_exceptions.rb:30:in `call'
  railties (4.2.7) lib/rails/rack/logger.rb:38:in `call_app'
  railties (4.2.7) lib/rails/rack/logger.rb:20:in `block in call'
  activesupport (4.2.7) lib/active_support/tagged_logging.rb:68:in `block in tagged'
  activesupport (4.2.7) lib/active_support/tagged_logging.rb:26:in `tagged'
  activesupport (4.2.7) lib/active_support/tagged_logging.rb:68:in `tagged'
  railties (4.2.7) lib/rails/rack/logger.rb:20:in `call'
  actionpack (4.2.7) lib/action_dispatch/middleware/request_id.rb:21:in `call'
  rack (1.6.4) lib/rack/methodoverride.rb:22:in `call'
  rack (1.6.4) lib/rack/runtime.rb:18:in `call'
  activesupport (4.2.7) lib/active_support/cache/strategy/local_cache_middleware.rb:28:in `call'
  rack (1.6.4) lib/rack/lock.rb:17:in `call'
  actionpack (4.2.7) lib/action_dispatch/middleware/static.rb:120:in `call'
  rack (1.6.4) lib/rack/sendfile.rb:113:in `call'
  railties (4.2.7) lib/rails/engine.rb:518:in `call'
  railties (4.2.7) lib/rails/application.rb:165:in `call'
  rack (1.6.4) lib/rack/lock.rb:17:in `call'
  rack (1.6.4) lib/rack/content_length.rb:15:in `call'
  rack (1.6.4) lib/rack/handler/webrick.rb:88:in `service'
  /Users/emilyabrash/.rvm/rubies/ruby-2.3.0/lib/ruby/2.3.0/webrick/httpserver.rb:140:in `service'
  /Users/emilyabrash/.rvm/rubies/ruby-2.3.0/lib/ruby/2.3.0/webrick/httpserver.rb:96:in `run'
  /Users/emilyabrash/.rvm/rubies/ruby-2.3.0/lib/ruby/2.3.0/webrick/server.rb:296:in `block in start_thread'



Started POST "/__better_errors/181da3439050da4b/variables" for ::1 at 2016-10-11 14:15:03 -0700


Started GET "/main" for ::1 at 2016-10-11 14:15:23 -0700
Processing by MainsController#index as HTML
  Rendered mains/index.html.erb within layouts/application (0.0ms)
Completed 200 OK in 28ms (Views: 27.0ms | ActiveRecord: 0.0ms)


Started GET "/assets/albums.self-e3b0c44298fc1c149afbf4c8996fb92427ae41e4649b934ca495991b7852b855.css?body=1" for ::1 at 2016-10-11 14:15:24 -0700


Started GET "/assets/application.self-e80e8f2318043e8af94dddc2adad5a4f09739a8ebb323b3ab31cd71d45fd9113.css?body=1" for ::1 at 2016-10-11 14:15:24 -0700


Started GET "/assets/books.self-e3b0c44298fc1c149afbf4c8996fb92427ae41e4649b934ca495991b7852b855.css?body=1" for ::1 at 2016-10-11 14:15:24 -0700


Started GET "/assets/movies.self-e3b0c44298fc1c149afbf4c8996fb92427ae41e4649b934ca495991b7852b855.css?body=1" for ::1 at 2016-10-11 14:15:24 -0700


Started GET "/assets/mains.self-e3b0c44298fc1c149afbf4c8996fb92427ae41e4649b934ca495991b7852b855.css?body=1" for ::1 at 2016-10-11 14:15:24 -0700


Started GET "/assets/jquery.self-bd7ddd393353a8d2480a622e80342adf488fb6006d667e8b42e4c0073393abee.js?body=1" for ::1 at 2016-10-11 14:15:24 -0700


Started GET "/assets/jquery_ujs.self-784a997f6726036b1993eb2217c9cb558e1cbb801c6da88105588c56f13b466a.js?body=1" for ::1 at 2016-10-11 14:15:24 -0700


Started GET "/assets/turbolinks.self-c5acd7a204f5f25ce7a1d8a0e4d92e28d34c9e2df2c7371cd7af88e147e4ad82.js?body=1" for ::1 at 2016-10-11 14:15:24 -0700


Started GET "/assets/albums.self-877aef30ae1b040ab8a3aba4e3e309a11d7f2612f44dde450b5c157aa5f95c05.js?body=1" for ::1 at 2016-10-11 14:15:24 -0700


Started GET "/assets/books.self-877aef30ae1b040ab8a3aba4e3e309a11d7f2612f44dde450b5c157aa5f95c05.js?body=1" for ::1 at 2016-10-11 14:15:24 -0700


Started GET "/assets/mains.self-877aef30ae1b040ab8a3aba4e3e309a11d7f2612f44dde450b5c157aa5f95c05.js?body=1" for ::1 at 2016-10-11 14:15:24 -0700


Started GET "/assets/movies.self-877aef30ae1b040ab8a3aba4e3e309a11d7f2612f44dde450b5c157aa5f95c05.js?body=1" for ::1 at 2016-10-11 14:15:24 -0700


Started GET "/assets/application.self-3b8dabdc891efe46b9a144b400ad69e37d7e5876bdc39dee783419a69d7ca819.js?body=1" for ::1 at 2016-10-11 14:15:24 -0700


Started GET "/main" for ::1 at 2016-10-11 14:15:37 -0700
DEPRECATION WARNING: Defining a route where `to` is a controller without an action is deprecated. Please change `to: 'main'` to `controller: 'main'`. (called from block in <top (required)> at /Users/emilyabrash/Documents/MediaRanker/config/routes.rb:3)

ArgumentError - Missing :action key on routes definition, please check your routes.:
  actionpack (4.2.7) lib/action_dispatch/routing/mapper.rb:275:in `check_part'
  actionpack (4.2.7) lib/action_dispatch/routing/mapper.rb:264:in `check_controller_and_action'
  actionpack (4.2.7) lib/action_dispatch/routing/mapper.rb:178:in `normalize_options!'
  actionpack (4.2.7) lib/action_dispatch/routing/mapper.rb:100:in `initialize'
  actionpack (4.2.7) lib/action_dispatch/routing/mapper.rb:78:in `build'
  actionpack (4.2.7) lib/action_dispatch/routing/mapper.rb:1560:in `add_route'
  actionpack (4.2.7) lib/action_dispatch/routing/mapper.rb:1537:in `decomposed_match'
  actionpack (4.2.7) lib/action_dispatch/routing/mapper.rb:1518:in `block in match'
  actionpack (4.2.7) lib/action_dispatch/routing/mapper.rb:1508:in `match'
  actionpack (4.2.7) lib/action_dispatch/routing/mapper.rb:387:in `root'
  actionpack (4.2.7) lib/action_dispatch/routing/mapper.rb:1581:in `root'
  config/routes.rb:3:in `block in <top (required)>'
  actionpack (4.2.7) lib/action_dispatch/routing/route_set.rb:432:in `eval_block'
  actionpack (4.2.7) lib/action_dispatch/routing/route_set.rb:410:in `draw'
  config/routes.rb:1:in `<top (required)>'
  activesupport (4.2.7) lib/active_support/dependencies.rb:268:in `block in load'
  activesupport (4.2.7) lib/active_support/dependencies.rb:240:in `load_dependency'
  activesupport (4.2.7) lib/active_support/dependencies.rb:268:in `load'
  railties (4.2.7) lib/rails/application/routes_reloader.rb:40:in `block in load_paths'
  railties (4.2.7) lib/rails/application/routes_reloader.rb:40:in `load_paths'
  railties (4.2.7) lib/rails/application/routes_reloader.rb:16:in `reload!'
  railties (4.2.7) lib/rails/application/routes_reloader.rb:26:in `block in updater'
  activesupport (4.2.7) lib/active_support/file_update_checker.rb:75:in `execute'
  railties (4.2.7) lib/rails/application/routes_reloader.rb:7:in `execute'
  railties (4.2.7) lib/rails/application/finisher.rb:81:in `block (2 levels) in <module:Finisher>'
  activesupport (4.2.7) lib/active_support/callbacks.rb:446:in `block in make_lambda'
  activesupport (4.2.7) lib/active_support/callbacks.rb:192:in `block in simple'
  activesupport (4.2.7) lib/active_support/callbacks.rb:504:in `block in call'
  activesupport (4.2.7) lib/active_support/callbacks.rb:504:in `call'
  activesupport (4.2.7) lib/active_support/callbacks.rb:92:in `__run_callbacks__'
  activesupport (4.2.7) lib/active_support/callbacks.rb:778:in `_run_prepare_callbacks'
  activesupport (4.2.7) lib/active_support/callbacks.rb:81:in `run_callbacks'
  actionpack (4.2.7) lib/action_dispatch/middleware/reloader.rb:83:in `prepare!'
  actionpack (4.2.7) lib/action_dispatch/middleware/reloader.rb:71:in `call'
  actionpack (4.2.7) lib/action_dispatch/middleware/remote_ip.rb:78:in `call'
  better_errors (2.1.1) lib/better_errors/middleware.rb:84:in `protected_app_call'
  better_errors (2.1.1) lib/better_errors/middleware.rb:79:in `better_errors_call'
  better_errors (2.1.1) lib/better_errors/middleware.rb:57:in `call'
  actionpack (4.2.7) lib/action_dispatch/middleware/debug_exceptions.rb:17:in `call'
  web-console (2.3.0) lib/web_console/middleware.rb:28:in `block in call'
  web-console (2.3.0) lib/web_console/middleware.rb:18:in `call'
  actionpack (4.2.7) lib/action_dispatch/middleware/show_exceptions.rb:30:in `call'
  railties (4.2.7) lib/rails/rack/logger.rb:38:in `call_app'
  railties (4.2.7) lib/rails/rack/logger.rb:20:in `block in call'
  activesupport (4.2.7) lib/active_support/tagged_logging.rb:68:in `block in tagged'
  activesupport (4.2.7) lib/active_support/tagged_logging.rb:26:in `tagged'
  activesupport (4.2.7) lib/active_support/tagged_logging.rb:68:in `tagged'
  railties (4.2.7) lib/rails/rack/logger.rb:20:in `call'
  actionpack (4.2.7) lib/action_dispatch/middleware/request_id.rb:21:in `call'
  rack (1.6.4) lib/rack/methodoverride.rb:22:in `call'
  rack (1.6.4) lib/rack/runtime.rb:18:in `call'
  activesupport (4.2.7) lib/active_support/cache/strategy/local_cache_middleware.rb:28:in `call'
  rack (1.6.4) lib/rack/lock.rb:17:in `call'
  actionpack (4.2.7) lib/action_dispatch/middleware/static.rb:120:in `call'
  rack (1.6.4) lib/rack/sendfile.rb:113:in `call'
  railties (4.2.7) lib/rails/engine.rb:518:in `call'
  railties (4.2.7) lib/rails/application.rb:165:in `call'
  rack (1.6.4) lib/rack/lock.rb:17:in `call'
  rack (1.6.4) lib/rack/content_length.rb:15:in `call'
  rack (1.6.4) lib/rack/handler/webrick.rb:88:in `service'
  /Users/emilyabrash/.rvm/rubies/ruby-2.3.0/lib/ruby/2.3.0/webrick/httpserver.rb:140:in `service'
  /Users/emilyabrash/.rvm/rubies/ruby-2.3.0/lib/ruby/2.3.0/webrick/httpserver.rb:96:in `run'
  /Users/emilyabrash/.rvm/rubies/ruby-2.3.0/lib/ruby/2.3.0/webrick/server.rb:296:in `block in start_thread'



Started POST "/__better_errors/9462f0ef794edfa4/variables" for ::1 at 2016-10-11 14:15:37 -0700


Started GET "/main" for ::1 at 2016-10-11 14:16:22 -0700
Processing by MainsController#index as HTML
  Rendered mains/index.html.erb within layouts/application (0.0ms)
Completed 200 OK in 24ms (Views: 23.5ms | ActiveRecord: 0.0ms)


Started GET "/" for ::1 at 2016-10-11 14:16:26 -0700
Processing by MainsController#index as HTML
  Rendered mains/index.html.erb within layouts/application (0.1ms)
Completed 200 OK in 13ms (Views: 12.8ms | ActiveRecord: 0.0ms)
